11:53:39: Creating resource group General
11:53:39: Creating resource group OgreInternal
11:53:39: Creating resource group OgreAutodetect
11:53:39: SceneManagerFactory for type 'DefaultSceneManager' registered.
11:53:39: Registering ResourceManager for type Material
11:53:39: Registering ResourceManager for type Mesh
11:53:39: Registering ResourceManager for type Skeleton
11:53:39: MovableObjectFactory for type 'ParticleSystem' registered.
11:53:39: ArchiveFactory for type 'FileSystem' registered
11:53:39: ArchiveFactory for type 'Zip' registered
11:53:39: ArchiveFactory for type 'EmbeddedZip' registered
11:53:39: DDS codec registering
11:53:39: ETC codec registering
11:53:39: ASTC codec registering
11:53:39: Registering ResourceManager for type GpuProgram
11:53:39: Registering ResourceManager for type Compositor
11:53:39: MovableObjectFactory for type 'Entity' registered.
11:53:39: MovableObjectFactory for type 'Light' registered.
11:53:39: MovableObjectFactory for type 'BillboardSet' registered.
11:53:39: MovableObjectFactory for type 'ManualObject' registered.
11:53:39: MovableObjectFactory for type 'BillboardChain' registered.
11:53:39: MovableObjectFactory for type 'RibbonTrail' registered.
11:53:39: MovableObjectFactory for type 'StaticGeometry' registered.
11:53:39: MovableObjectFactory for type 'Rectangle2D' registered.
11:53:39: Loading library /media/projectos/projects/cpp/ogre-14.5.1/build/lib/RenderSystem_GL.so.14.5
11:53:39: Installing plugin: GL RenderSystem
11:53:39: OpenGL Rendering Subsystem created.
11:53:39: Plugin successfully installed
11:53:39: Loading library /media/projectos/projects/cpp/ogre-14.5.1/build/lib/Plugin_ParticleFX.so.14.5
11:53:39: Installing plugin: ParticleFX
11:53:39: Particle Emitter Type 'Point' registered
11:53:39: Particle Emitter Type 'Box' registered
11:53:39: Particle Emitter Type 'Ellipsoid' registered
11:53:39: Particle Emitter Type 'Cylinder' registered
11:53:39: Particle Emitter Type 'Ring' registered
11:53:39: Particle Emitter Type 'HollowEllipsoid' registered
11:53:39: Particle Affector Type 'LinearForce' registered
11:53:39: Particle Affector Type 'ColourFader' registered
11:53:39: Particle Affector Type 'ColourFader2' registered
11:53:39: Particle Affector Type 'ColourImage' registered
11:53:39: Particle Affector Type 'ColourInterpolator' registered
11:53:39: Particle Affector Type 'Scaler' registered
11:53:39: Particle Affector Type 'Rotator' registered
11:53:39: Particle Affector Type 'DirectionRandomiser' registered
11:53:39: Particle Affector Type 'DeflectorPlane' registered
11:53:39: Particle Affector Type 'TextureAnimator' registered
11:53:39: Plugin successfully installed
11:53:39: Loading library /media/projectos/projects/cpp/ogre-14.5.1/build/lib/Plugin_BSPSceneManager.so.14.5
11:53:39: Installing plugin: BSP Scene Manager
11:53:39: Plugin successfully installed
11:53:39: Loading library /media/projectos/projects/cpp/ogre-14.5.1/build/lib/Codec_STBI.so.14.5
11:53:39: stb_image - v2.30 - public domain image loader
11:53:39: Supported formats: jpeg,jpg,png,bmp,psd,tga,gif,pic,ppm,pgm,hdr
11:53:39: Loading library /media/projectos/projects/cpp/ogre-14.5.1/build/lib/Plugin_PCZSceneManager.so.14.5
11:53:39: Installing plugin: Portal Connected Zone Scene Manager
11:53:39: PCZone Factory Type 'ZoneType_Default' registered
11:53:39: Plugin successfully installed
11:53:39: Loading library /media/projectos/projects/cpp/ogre-14.5.1/build/lib/Plugin_OctreeZone.so.14.5
11:53:39: Installing plugin: Octree Zone Factory
11:53:39: Plugin successfully installed
11:53:39: Loading library /media/projectos/projects/cpp/ogre-14.5.1/build/lib/Plugin_OctreeSceneManager.so.14.5
11:53:39: Installing plugin: Octree Scene Manager
11:53:39: Plugin successfully installed
11:53:39: Loading library /media/projectos/projects/cpp/ogre-14.5.1/build/lib/Plugin_DotScene.so.14.5
11:53:39: Installing plugin: DotScene Loader
11:53:39: Plugin successfully installed
11:53:39: *-*-* OGRE Initialising
11:53:39: *-*-* Version 14.5.1 (Tsathoggua)
11:53:39: Error: ScriptCompiler - invalid parameters in glTF2_PBR.material(37): overriding previous declarations of texture 'black.png' with different parameters
11:53:39: Error: ScriptCompiler - invalid parameters in Examples-Water.material(130): overriding previous declarations of texture 'studio_garden.jpg' with different parameters
11:53:39: GLSL/OceanVS
GLSL/OceanFS
 GLSL link result : 
active samplers with a different type refer to the same texture image unit
